Using pre-set license

 COMMAND LINE ARGUMENTS:
/Applications/Unity/Unity.app/Contents/MacOS/Unity
-adb2
-batchMode
-noUpm
-name
AssetImportWorker0
-projectPath
/Users/cslab-mbp-one/Desktop/CART_315_FinalPrototype
-logFile
Logs/AssetImportWorker0.log
-srvPort
51279
Successfully changed project path to: /Users/cslab-mbp-one/Desktop/CART_315_FinalPrototype
/Users/cslab-mbp-one/Desktop/CART_315_FinalPrototype
Using Asset Import Pipeline V2.
Refreshing native plugins compatible for Editor in 49.57 ms, found 1 plugins.
Preloading 0 native plugins for Editor in 0.00 ms.
Initialize engine version: 2020.2.1f1 (270dd8c3da1c)
[Subsystems] Discovering subsystems at path /Applications/Unity/Unity.app/Contents/Resources/UnitySubsystems
[Subsystems] Discovering subsystems at path /Users/cslab-mbp-one/Desktop/CART_315_FinalPrototype/Assets
GfxDevice: creating device client; threaded=0
2021-04-11 20:25:13.242 Unity[7229:118370] Color LCD preferred device: Intel Iris Pro Graphics (low power)
2021-04-11 20:25:13.242 Unity[7229:118370] Metal devices available: 1
2021-04-11 20:25:13.242 Unity[7229:118370] 0: Intel Iris Pro Graphics (low power)
2021-04-11 20:25:13.243 Unity[7229:118370] Using device Intel Iris Pro Graphics (low power)
Initializing Metal device caps: Intel Iris Pro Graphics
Initialize mono
Mono path[0] = '/Applications/Unity/Unity.app/Contents/Managed'
Mono path[1] = '/Applications/Unity/Unity.app/Contents/MonoBleedingEdge/lib/mono/unityjit'
Mono config path = '/Applications/Unity/Unity.app/Contents/MonoBleedingEdge/etc'
Using monoOptions --debugger-agent=transport=dt_socket,embedding=1,server=y,suspend=n,address=127.0.0.1:56229
Begin MonoManager ReloadAssembly
Registering precompiled unity dll's ...
Register platform support module: /Applications/Unity/Unity.app/Contents/PlaybackEngines/MacStandaloneSupport/UnityEditor.OSXStandalone.Extensions.dll
Registered in 0.000465 seconds.
Native extension for OSXStandalone target not found
Refreshing native plugins compatible for Editor in 47.55 ms, found 1 plugins.
Preloading 0 native plugins for Editor in 0.00 ms.
Invoked RoslynAnalysisRunner static constructor.
RoslynAnalysisRunner will not be running.
RoslynAnalysisRunner has terminated.
Mono: successfully reloaded assembly
- Completed reload, in  1.659 seconds
Platform modules already initialized, skipping
Registering precompiled user dll's ...
Registered in 0.000599 seconds.
Begin MonoManager ReloadAssembly
Native extension for OSXStandalone target not found
Refreshing native plugins compatible for Editor in 0.45 ms, found 1 plugins.
Preloading 0 native plugins for Editor in 0.00 ms.
Invoked RoslynAnalysisRunner static constructor.
RoslynAnalysisRunner will not be running.
RoslynAnalysisRunner has terminated.
Mono: successfully reloaded assembly
- Completed reload, in  1.538 seconds
Platform modules already initialized, skipping
========================================================================
Worker process is ready to serve import requests
Launching external process: /Applications/Unity/Unity.app/Contents/Tools/UnityShaderCompiler
Launched and connected shader compiler UnityShaderCompiler after 0.02 seconds
Refreshing native plugins compatible for Editor in 0.40 ms, found 1 plugins.
Preloading 0 native plugins for Editor in 0.00 ms.
Unloading 1606 Unused Serialized files (Serialized files now loaded: 0)
System memory in use before: 165.4 MB.
System memory in use after: 164.8 MB.

Unloading 76 unused Assets to reduce memory usage. Loaded Objects now: 2069.
Total: 4.574076 ms (FindLiveObjects: 0.485624 ms CreateObjectMapping: 0.144232 ms MarkObjects: 2.958058 ms  DeleteObjects: 0.984110 ms)

========================================================================
Received Import Request.
  path: Assets/Scenes/Overworld.unity
  artifactKey: Guid(2c30f6cb14fc24e8082d4a940a77ae33) Importer(815301076,1909f56bfc062723c751e8b465ee728b)
Start importing Assets/Scenes/Overworld.unity using Guid(2c30f6cb14fc24e8082d4a940a77ae33) Importer(815301076,1909f56bfc062723c751e8b465ee728b)  -> (artifact id: 'afdad129b2f6342b47819105dc6dfac2') in 0.007519 seconds
  Import took 0.014093 seconds .

========================================================================
Received Import Request.
  Time since last request: 49.263707 seconds.
  path: Assets/Scenes/Start.unity
  artifactKey: Guid(bc2856ef8bfac4ea89d4cbdd0323158b) Importer(815301076,1909f56bfc062723c751e8b465ee728b)
Start importing Assets/Scenes/Start.unity using Guid(bc2856ef8bfac4ea89d4cbdd0323158b) Importer(815301076,1909f56bfc062723c751e8b465ee728b)  -> (artifact id: '559be5a19ebaad26c1671a693b4dc9fe') in 0.002349 seconds
  Import took 0.008547 seconds .

========================================================================
Received Import Request.
  Time since last request: 8.497625 seconds.
  path: Assets/Scenes/MainMenu.unity
  artifactKey: Guid(40fb99422a7b14e17983a6f3d882af7d) Importer(815301076,1909f56bfc062723c751e8b465ee728b)
Start importing Assets/Scenes/MainMenu.unity using Guid(40fb99422a7b14e17983a6f3d882af7d) Importer(815301076,1909f56bfc062723c751e8b465ee728b)  -> (artifact id: '559b1e6a0558cf900f557703c21e8f54') in 0.002635 seconds
  Import took 0.007828 seconds .

========================================================================
Received Prepare
Registering precompiled user dll's ...
Registered in 0.000530 seconds.
Begin MonoManager ReloadAssembly
Native extension for OSXStandalone target not found
Refreshing native plugins compatible for Editor in 0.42 ms, found 1 plugins.
Preloading 0 native plugins for Editor in 0.00 ms.
Warning: Annotation not found!
UnityEngine.StackTraceUtility:ExtractStackTrace () (at /Users/bokken/buildslave/unity/build/Runtime/Export/Scripting/StackTrace.cs:37)
UnityEditor.ProBuilder.EditorUtility:SetGizmoIconEnabled (System.Type,bool) (at /Users/cslab-mbp-one/Desktop/CART_315_IterativePrototype/Library/PackageCache/com.unity.probuilder@4.4.0/Editor/EditorCore/EditorUtility.cs:593)
UnityEditor.ProBuilder.HierarchyListener:.cctor () (at /Users/cslab-mbp-one/Desktop/CART_315_IterativePrototype/Library/PackageCache/com.unity.probuilder@4.4.0/Editor/EditorCore/HierarchyListener.cs:21)
System.Runtime.CompilerServices.RuntimeHelpers:RunClassConstructor (System.RuntimeTypeHandle)
UnityEditor.EditorAssemblies:ProcessInitializeOnLoadAttributes (System.Type[]) (at /Users/bokken/buildslave/unity/build/Editor/Mono/EditorAssemblies.cs:114)

[/Users/bokken/buildslave/unity/build/Runtime/Export/Scripting/StackTrace.cs line 37]

Invoked RoslynAnalysisRunner static constructor.
RoslynAnalysisRunner will not be running.
RoslynAnalysisRunner has terminated.
Mono: successfully reloaded assembly
- Completed reload, in  1.079 seconds
Platform modules already initialized, skipping
Refreshing native plugins compatible for Editor in 0.41 ms, found 1 plugins.
Preloading 0 native plugins for Editor in 0.00 ms.
Unloading 1546 Unused Serialized files (Serialized files now loaded: 0)
System memory in use before: 162.3 MB.
System memory in use after: 161.8 MB.

Unloading 10 unused Assets to reduce memory usage. Loaded Objects now: 2071.
Total: 4.043990 ms (FindLiveObjects: 0.326281 ms CreateObjectMapping: 0.087373 ms MarkObjects: 2.700022 ms  DeleteObjects: 0.928272 ms)

========================================================================
Received Prepare
Registering precompiled user dll's ...
Registered in 0.000598 seconds.
Begin MonoManager ReloadAssembly
Native extension for OSXStandalone target not found
Refreshing native plugins compatible for Editor in 0.39 ms, found 1 plugins.
Preloading 0 native plugins for Editor in 0.00 ms.
Warning: Annotation not found!
UnityEngine.StackTraceUtility:ExtractStackTrace () (at /Users/bokken/buildslave/unity/build/Runtime/Export/Scripting/StackTrace.cs:37)
UnityEditor.ProBuilder.EditorUtility:SetGizmoIconEnabled (System.Type,bool) (at /Users/cslab-mbp-one/Desktop/CART_315_IterativePrototype/Library/PackageCache/com.unity.probuilder@4.4.0/Editor/EditorCore/EditorUtility.cs:593)
UnityEditor.ProBuilder.HierarchyListener:.cctor () (at /Users/cslab-mbp-one/Desktop/CART_315_IterativePrototype/Library/PackageCache/com.unity.probuilder@4.4.0/Editor/EditorCore/HierarchyListener.cs:21)
System.Runtime.CompilerServices.RuntimeHelpers:RunClassConstructor (System.RuntimeTypeHandle)
UnityEditor.EditorAssemblies:ProcessInitializeOnLoadAttributes (System.Type[]) (at /Users/bokken/buildslave/unity/build/Editor/Mono/EditorAssemblies.cs:114)

[/Users/bokken/buildslave/unity/build/Runtime/Export/Scripting/StackTrace.cs line 37]

Invoked RoslynAnalysisRunner static constructor.
RoslynAnalysisRunner will not be running.
RoslynAnalysisRunner has terminated.
Mono: successfully reloaded assembly
- Completed reload, in  1.073 seconds
Platform modules already initialized, skipping
Refreshing native plugins compatible for Editor in 0.43 ms, found 1 plugins.
Preloading 0 native plugins for Editor in 0.00 ms.
Unloading 1546 Unused Serialized files (Serialized files now loaded: 0)
System memory in use before: 162.5 MB.
System memory in use after: 162.0 MB.

Unloading 10 unused Assets to reduce memory usage. Loaded Objects now: 2073.
Total: 3.321543 ms (FindLiveObjects: 0.220859 ms CreateObjectMapping: 0.067052 ms MarkObjects: 2.258316 ms  DeleteObjects: 0.773741 ms)

========================================================================
Received Prepare
Registering precompiled user dll's ...
Registered in 0.000619 seconds.
Begin MonoManager ReloadAssembly
Native extension for OSXStandalone target not found
Refreshing native plugins compatible for Editor in 0.48 ms, found 1 plugins.
Preloading 0 native plugins for Editor in 0.00 ms.
Warning: Annotation not found!
UnityEngine.StackTraceUtility:ExtractStackTrace () (at /Users/bokken/buildslave/unity/build/Runtime/Export/Scripting/StackTrace.cs:37)
UnityEditor.ProBuilder.EditorUtility:SetGizmoIconEnabled (System.Type,bool) (at /Users/cslab-mbp-one/Desktop/CART_315_IterativePrototype/Library/PackageCache/com.unity.probuilder@4.4.0/Editor/EditorCore/EditorUtility.cs:593)
UnityEditor.ProBuilder.HierarchyListener:.cctor () (at /Users/cslab-mbp-one/Desktop/CART_315_IterativePrototype/Library/PackageCache/com.unity.probuilder@4.4.0/Editor/EditorCore/HierarchyListener.cs:21)
System.Runtime.CompilerServices.RuntimeHelpers:RunClassConstructor (System.RuntimeTypeHandle)
UnityEditor.EditorAssemblies:ProcessInitializeOnLoadAttributes (System.Type[]) (at /Users/bokken/buildslave/unity/build/Editor/Mono/EditorAssemblies.cs:114)

[/Users/bokken/buildslave/unity/build/Runtime/Export/Scripting/StackTrace.cs line 37]

Invoked RoslynAnalysisRunner static constructor.
RoslynAnalysisRunner will not be running.
RoslynAnalysisRunner has terminated.
Mono: successfully reloaded assembly
- Completed reload, in  1.113 seconds
Platform modules already initialized, skipping
Refreshing native plugins compatible for Editor in 0.40 ms, found 1 plugins.
Preloading 0 native plugins for Editor in 0.00 ms.
Unloading 1546 Unused Serialized files (Serialized files now loaded: 0)
System memory in use before: 162.7 MB.
System memory in use after: 162.3 MB.

Unloading 10 unused Assets to reduce memory usage. Loaded Objects now: 2075.
Total: 3.599881 ms (FindLiveObjects: 0.303876 ms CreateObjectMapping: 0.069012 ms MarkObjects: 2.410643 ms  DeleteObjects: 0.814557 ms)

========================================================================
Received Import Request.
  Time since last request: 568.949943 seconds.
  path: Assets/Scenes/End.unity
  artifactKey: Guid(446eed99549784b21b495aea1340692a) Importer(815301076,1909f56bfc062723c751e8b465ee728b)
Start importing Assets/Scenes/End.unity using Guid(446eed99549784b21b495aea1340692a) Importer(815301076,1909f56bfc062723c751e8b465ee728b)  -> (artifact id: '34c076bd7b8ee3a2c35b4ccf67acc37c') in 0.005424 seconds
  Import took 0.009563 seconds .

========================================================================
Received Import Request.
  Time since last request: 0.010678 seconds.
  path: Assets/Scenes/End.unity
  artifactKey: Guid(446eed99549784b21b495aea1340692a) Importer(815301076,1909f56bfc062723c751e8b465ee728b)
Start importing Assets/Scenes/End.unity using Guid(446eed99549784b21b495aea1340692a) Importer(815301076,1909f56bfc062723c751e8b465ee728b)  -> (artifact id: '34c076bd7b8ee3a2c35b4ccf67acc37c') in 0.001274 seconds
  Import took 0.005066 seconds .

========================================================================
Received Import Request.
  Time since last request: 6.010823 seconds.
  path: Assets/Scenes/Ambush.unity
  artifactKey: Guid(304dcbdb4b0654bd691a612787e081e0) Importer(815301076,1909f56bfc062723c751e8b465ee728b)
Start importing Assets/Scenes/Ambush.unity using Guid(304dcbdb4b0654bd691a612787e081e0) Importer(815301076,1909f56bfc062723c751e8b465ee728b)  -> (artifact id: '390c55666c2f13ee510e732b325ce2e3') in 0.002652 seconds
  Import took 0.006761 seconds .

========================================================================
Received Import Request.
  Time since last request: 7.869076 seconds.
  path: Assets/Scenes/End.unity
  artifactKey: Guid(446eed99549784b21b495aea1340692a) Importer(815301076,1909f56bfc062723c751e8b465ee728b)
Start importing Assets/Scenes/End.unity using Guid(446eed99549784b21b495aea1340692a) Importer(815301076,1909f56bfc062723c751e8b465ee728b)  -> (artifact id: '14ee48fbb214e617011a68043bd71144') in 0.002803 seconds
  Import took 0.006637 seconds .

========================================================================
Received Prepare
Registering precompiled user dll's ...
Registered in 0.000596 seconds.
Begin MonoManager ReloadAssembly
Native extension for OSXStandalone target not found
Refreshing native plugins compatible for Editor in 0.40 ms, found 1 plugins.
Preloading 0 native plugins for Editor in 0.00 ms.
Warning: Annotation not found!
UnityEngine.StackTraceUtility:ExtractStackTrace () (at /Users/bokken/buildslave/unity/build/Runtime/Export/Scripting/StackTrace.cs:37)
UnityEditor.ProBuilder.EditorUtility:SetGizmoIconEnabled (System.Type,bool) (at /Users/cslab-mbp-one/Desktop/CART_315_IterativePrototype/Library/PackageCache/com.unity.probuilder@4.4.0/Editor/EditorCore/EditorUtility.cs:593)
UnityEditor.ProBuilder.HierarchyListener:.cctor () (at /Users/cslab-mbp-one/Desktop/CART_315_IterativePrototype/Library/PackageCache/com.unity.probuilder@4.4.0/Editor/EditorCore/HierarchyListener.cs:21)
System.Runtime.CompilerServices.RuntimeHelpers:RunClassConstructor (System.RuntimeTypeHandle)
UnityEditor.EditorAssemblies:ProcessInitializeOnLoadAttributes (System.Type[]) (at /Users/bokken/buildslave/unity/build/Editor/Mono/EditorAssemblies.cs:114)

[/Users/bokken/buildslave/unity/build/Runtime/Export/Scripting/StackTrace.cs line 37]

Invoked RoslynAnalysisRunner static constructor.
RoslynAnalysisRunner will not be running.
RoslynAnalysisRunner has terminated.
Mono: successfully reloaded assembly
- Completed reload, in  1.081 seconds
Platform modules already initialized, skipping
Refreshing native plugins compatible for Editor in 0.46 ms, found 1 plugins.
Preloading 0 native plugins for Editor in 0.00 ms.
Unloading 1546 Unused Serialized files (Serialized files now loaded: 0)
System memory in use before: 163.0 MB.
System memory in use after: 162.5 MB.

Unloading 10 unused Assets to reduce memory usage. Loaded Objects now: 2077.
Total: 4.102958 ms (FindLiveObjects: 0.531852 ms CreateObjectMapping: 0.173606 ms MarkObjects: 2.528472 ms  DeleteObjects: 0.841285 ms)

